proguard/seeds.txt
com.lordcard.ui.personal.logic.PlayAlone
com.lordcard.ui.personal.logic.PlayAlone: long serialVersionUID
com.lordcard.ui.personal.logic.PlayAlone: java.lang.String id
com.lordcard.ui.personal.logic.PlayAlone: int count
com.lordcard.ui.personal.logic.PlayAlone: java.util.List precards
com.lordcard.ui.personal.logic.PlayAlone: java.util.List cards
com.lordcard.ui.personal.logic.PlayAlone: int order
com.lordcard.ui.personal.logic.PlayAlone: boolean call
com.lordcard.ui.personal.logic.PlayAlone: int callOrder
com.lordcard.ui.personal.logic.PlayAlone: boolean escape
com.lordcard.ui.personal.logic.PlayAlone: java.lang.Integer nextOrder
com.lordcard.ui.personal.logic.PlayAlone: java.util.Map nickMap
com.lordcard.ui.personal.logic.PlayAlone: int ratio
com.lordcard.ui.personal.logic.PlayAlone: int payment
com.lordcard.ui.personal.logic.PlayAlone: int unitType
com.lordcard.ui.personal.logic.PlayAlone: double extract
com.lordcard.ui.personal.logic.PlayAlone: int goodsCount
com.lordcard.ui.personal.logic.PlayAlone: java.lang.Integer masterOrder
com.lordcard.ui.personal.logic.PlayAlone: int bombRatio
com.lordcard.ui.personal.logic.PlayAlone: int springRatio
com.lordcard.ui.personal.logic.PlayAlone: int doubleRatio
com.lordcard.ui.personal.logic.PlayAlone: int bean
com.lordcard.ui.personal.logic.PlayAlone: java.lang.Integer iq
com.lordcard.ui.personal.logic.PlayAlone: java.lang.Integer intellect
com.lordcard.ui.personal.logic.PlayAlone: java.lang.Integer addIntellect
com.lordcard.ui.personal.logic.PokerOfOnePlay
com.lordcard.ui.personal.logic.PokerOfOnePlay: int type
com.lordcard.ui.personal.logic.PokerOfOnePlay: java.util.List pokers
com.lordcard.ui.personal.logic.PokerOfOnePlay: int maxValue
com.lordcard.ui.personal.logic.PokerOfOnePlay: PokerOfOnePlay(int,int)
com.lordcard.ui.personal.logic.PokerOfOnePlay: int getType()
com.lordcard.ui.personal.logic.PokerOfOnePlay: void setType(int)
com.lordcard.ui.personal.logic.PokerOfOnePlay: java.util.List getPokers()
com.lordcard.ui.personal.logic.PokerOfOnePlay: void setPokers(java.util.List)
com.lordcard.ui.personal.logic.PokerOfOnePlay: int getMaxValue()
com.lordcard.ui.personal.logic.PokerOfOnePlay: void setMaxValue(int)
com.lordcard.ui.personal.logic.PokerOfOnePlay: void add(com.lordcard.ui.personal.logic.PokerOfOneValue)
com.lordcard.ui.personal.logic.PokerOfOnePlay: java.util.List getOnePlay()
com.lordcard.ui.personal.logic.PokerOfOnePlay: java.util.List getOnePlayIgnoreUsedState()
com.lordcard.ui.personal.logic.PokerOfOneValue
com.lordcard.ui.personal.logic.PokerOfOneValue: int value
com.lordcard.ui.personal.logic.PokerOfOneValue: java.util.List pokers
com.lordcard.ui.personal.logic.PokerOfOneValue: boolean addCard(com.lordcard.entity.Poker)
com.lordcard.ui.personal.logic.PokerOfOneValue: PokerOfOneValue(int)
com.lordcard.ui.personal.logic.PokerOfOneValue: int getValue()
com.lordcard.ui.personal.logic.PokerOfOneValue: void setValue(int)
com.lordcard.ui.personal.logic.PokerOfOneValue: java.util.List getPokers()
com.lordcard.ui.personal.logic.PokerOfOneValue: void setPokers(java.util.List)
com.lordcard.ui.personal.logic.PokerOfOneValue: int PokerNum()
com.lordcard.ui.personal.logic.PokerOfOneValue: void clearUsedState()
com.lordcard.ui.personal.logic.PokerOfOneValue: int getUnusedNum()
com.lordcard.ui.personal.logic.PokerOfOneValue: com.lordcard.entity.Poker getOneUnusedPoker()
com.lordcard.ui.personal.logic.PokerOfOneValue: java.util.List getUnusedPoker(int)
com.lordcard.ui.personal.logic.PokerOfOneValue: void setUsedState(boolean)
com.lordcard.ui.personal.logic.PokerOfOneValue: java.util.List getPokerIgnoreUsedState(int)