proguard/mapping.txt
com.zzyddz.shui.BuildConfig -> com.g.a.a:
    boolean DEBUG -> a
com.zzyddz.shui.R -> com.g.a.b:
com.zzyddz.shui.R$anim -> com.g.a.b$a:
    int alpha_main_toplight -> a
    int alpha_main_toplight_out -> b
    int back_scale -> c
    int cycle_3 -> d
    int cycle_7 -> e
    int dialog_enter -> f
    int dialog_exit -> g
    int down_to_floor -> h
    int fade -> i
    int feiji_out -> j
    int front_scale -> k
    int gd_grow_from_bottom -> l
    int gd_grow_from_bottomleft_to_topright -> m
    int gd_grow_from_bottomright_to_topleft -> n
    int gd_grow_from_top -> o
    int gd_grow_from_topleft_to_bottomright -> p
    int gd_grow_from_topright_to_bottomleft -> q
    int gd_shrink_from_bottom -> r
    int gd_shrink_from_bottomleft_to_topright -> s
    int gd_shrink_from_bottomright_to_topleft -> t
    int gd_shrink_from_top -> u
    int gd_shrink_from_topleft_to_bottomright -> v
    int gd_shrink_from_topright_to_bottomleft -> w
    int guide_down -> x
    int guide_left -> y
    int guide_right -> z
    int guide_up -> A
    int hold -> B
    int in_lefttoright -> C
    int jump -> D
    int my_alpha_action -> E
    int my_scale_action -> F
    int my_scale_action2 -> G
    int out_righttoleft -> H
    int pre_recharge_freeze_anim -> I
    int pre_recharge_freeze_dialog_anim_in -> J
    int pre_recharge_freeze_dialog_anim_out -> K
    int push_left_in -> L
    int push_left_out -> M
    int push_right_in -> N
    int push_right_out -> O
    int push_up_in -> P
    int push_up_out -> Q
    int rotate_main_leftlight_in -> R
    int rotate_main_leftlight_out -> S
com.zzyddz.shui.R$array -> com.g.a.b$b:
    int aipay_charge_values -> a
    int card_type -> b
    int iapppay_month -> c
    int identity_type -> d
    int mes_language -> e
    int think_language -> f
com.zzyddz.shui.R$attr -> com.g.a.b$c:
com.zzyddz.shui.R$color -> com.g.a.b$d:
    int BgColor -> a
    int TextColorBlack -> b
    int TextColorWhite -> c
    int aipay_black_1 -> d
    int aipay_black_2 -> e
    int aipay_blue -> f
    int aipay_button_noraml_cancel_color -> g
    int aipay_button_noraml_confirm_color -> h
    int aipay_button_pressed_cancel_color -> i
    int aipay_button_pressed_confirm_color -> j
    int aipay_charge_textcolor_selector -> k
    int aipay_divider_line -> l
    int aipay_exctra_info_bg -> m
    int aipay_grey -> n
    int aipay_grey_light -> o
    int aipay_item_pressed -> p
    int aipay_orange -> q
    int aipay_red -> r
    int aipay_transparent -> s
    int aipay_white -> t
    int aipay_white_light -> u
    int aliceblue -> v
    int antiquewhite -> w
    int aqua -> x
    int aquamarine -> y
    int azure -> z
    int background_normal -> A
    int beige -> B
    int bisque -> C
    int black -> D
    int black_transparent -> E
    int blanchedalmond -> F
    int blue -> G
    int blueviolet -> H
    int brown -> I
    int burlywood -> J
    int cadetblue -> K
    int chartreuse -> L
    int chestnut_red -> M
    int chocolate -> N
    int color_radio_button -> O
    int coral -> P
    int cornflowerblue -> Q
    int cornsilk -> R
    int crimson -> S
    int cyan -> T
    int darkblue -> U
    int darkcyan -> V
    int darkgoldenrod -> W
    int darkgray -> X
    int darkgreen -> Y
    int darkgrey -> Z
    int darkkhaki -> aa
    int darkmagenta -> ab
...
com.lordcard.ui.view.dialog.BagDialog$5 -> com.lordcard.ui.view.dialog.BagDialog$5:
    com.lordcard.ui.view.dialog.BagDialog this$0 -> this$0
    373:520:void run() -> run
    370:370:com.lordcard.ui.view.dialog.BagDialog access$0(com.lordcard.ui.view.dialog.BagDialog$5) -> access$0
com.lordcard.ui.view.dialog.BagDialog$5$1 -> com.lordcard.ui.view.dialog.BagDialog$5$1:
    com.lordcard.ui.view.dialog.BagDialog$5 this$1 -> this$1
com.lordcard.ui.view.dialog.BagDialog$5$2 -> com.lordcard.ui.view.dialog.BagDialog$5$2:
    com.lordcard.ui.view.dialog.BagDialog$5 this$1 -> this$1
com.lordcard.ui.view.dialog.BagDialog$5$3 -> com.lordcard.ui.view.dialog.BagDialog$5$3:
    com.lordcard.ui.view.dialog.BagDialog$5 this$1 -> this$1
com.lordcard.ui.view.dialog.BagDialog$5$4 -> com.lordcard.ui.view.dialog.BagDialog$5$4:
    com.lordcard.ui.view.dialog.BagDialog$5 this$1 -> this$1
    419:424:void okClick() -> okClick
com.lordcard.ui.view.dialog.BagDialog$5$5 -> com.lordcard.ui.view.dialog.BagDialog$5$5:
    com.lordcard.ui.view.dialog.BagDialog$5 this$1 -> this$1
    482:516:void run() -> run
    478:478:com.lordcard.ui.view.dialog.BagDialog$5 access$0(com.lordcard.ui.view.dialog.BagDialog$5$5) -> access$0
com.lordcard.ui.view.dialog.BagDialog$5$5$1 -> com.lordcard.ui.view.dialog.BagDialog$5$5$1:
    com.lordcard.ui.view.dialog.BagDialog$5$5 this$2 -> this$2
    510:513:void run() -> run
com.lordcard.ui.view.dialog.BagDialog$5$5$2 -> com.lordcard.ui.view.dialog.BagDialog$5$5$2:
    com.lordcard.ui.view.dialog.BagDialog$5$5 this$2 -> this$2
    501:504:void run() -> run
com.lordcard.ui.view.dialog.BagDialog$GoodsAdapter -> com.lordcard.ui.view.dialog.BagDialog$GoodsAdapter:
    java.util.List gifInt -> gifInt
    android.view.LayoutInflater mInflater -> mInflater
    com.lordcard.ui.view.dialog.BagDialog this$0 -> this$0
    551:554:int getCount() -> getCount
    559:559:java.lang.Object getItem(int) -> getItem
    563:563:long getItemId(int) -> getItemId
    568:595:android.view.View getView(int,android.view.View,android.view.ViewGroup) -> getView
    540:540:com.lordcard.ui.view.dialog.BagDialog access$0(com.lordcard.ui.view.dialog.BagDialog$GoodsAdapter) -> access$0
com.lordcard.ui.view.dialog.BagDialog$GoodsAdapter$1 -> com.lordcard.ui.view.dialog.BagDialog$GoodsAdapter$1:
    com.lordcard.ui.view.dialog.BagDialog$GoodsAdapter this$1 -> this$1
    582:586:void imageLoaded(android.graphics.Bitmap,android.widget.ImageView) -> imageLoaded
com.lordcard.ui.view.dialog.BagDialog$GoodsAdapter$ViewHolder -> com.lordcard.ui.view.dialog.BagDialog$GoodsAdapter$ViewHolder:
    com.lordcard.ui.view.dialog.BagDialog$GoodsAdapter this$1 -> this$1
com.lordcard.ui.view.dialog.BagDialog$TextAdapter -> com.lordcard.ui.view.dialog.BagDialog$TextAdapter:
    java.util.List gifInt -> gifInt
    android.view.LayoutInflater mInflater -> mInflater
    com.lordcard.ui.view.dialog.BagDialog this$0 -> this$0
    612:612:int getCount() -> getCount
    616:616:java.lang.Object getItem(int) -> getItem
    620:620:long getItemId(int) -> getItemId
    625:634:android.view.View getView(int,android.view.View,android.view.ViewGroup) -> getView
com.lordcard.ui.view.dialog.BagDialog$TextAdapter$ViewHolder -> com.lordcard.ui.view.dialog.BagDialog$TextAdapter$ViewHolder:
    android.widget.TextView text -> text
    com.lordcard.ui.view.dialog.BagDialog$TextAdapter this$1 -> this$1
    639:639:void access$0(com.lordcard.ui.view.dialog.BagDialog$TextAdapter$ViewHolder,android.widget.TextView) -> access$0
    639:639:android.widget.TextView access$1(com.lordcard.ui.view.dialog.BagDialog$TextAdapter$ViewHolder) -> access$1